------------------------------------- 
Sparse HP 
------------------------------------- 
elapsed time is 714.062000 seconds 


 Kink dates: 
---------------------------------------------------------------- 
[1] "2020-03-18" "2020-04-11"
---------------------------------------------------------------- 


 
---------------------------------------------------------------- 


 fidelity :  2.349685 
---------------------------------------------------------------- 


 
------------------------------------- 
L1 
------------------------------------- 
   ld_set  obj_val    abs_dist
50    4.9 2.355454 0.005769476


 Kink dates: 
---------------------------------------------------------------- 
[1] "2020-03-17" "2020-03-18" "2020-03-24" "2020-04-11" "2020-05-24"
---------------------------------------------------------------- 


 
------------------------------------- 
Calculate the Growth Rate of R_0(t) 
------------------------------------- 
 [1] 7.08  7.08  7.08  7.08  7.08  7.08  -5.02 -5.02 -5.02 -5.02 -5.02 -5.02
[13] -5.02 -5.02 -5.02 -5.02 -5.02 -5.02 -5.02 -5.02 -5.02 -5.02 -5.02 -5.02
[25] -5.02 -5.02 -5.02 -5.02 -5.02 -5.02 -2.82 -2.82 -2.82 -2.82 -2.82 -2.82
[37] -2.82 -2.82 -2.82 -2.82 -2.82 -2.82 -2.82 -2.82 -2.82 -2.82 -2.82 -2.82
[49] -2.82 -2.82 -2.82 -2.82 -2.82 -2.82 -2.82 -2.82 -2.82 -2.82 -2.82 -2.82
[61] -2.82 -2.82 -2.82 -2.82 -2.82 -2.82 -2.82 -2.82 -2.82 -2.82 -2.82 -2.82
[73] -2.82 -2.82 -2.82 -2.82 -2.82 -2.82 -2.82 -2.82 -2.82 -2.82 -2.82 -2.82
[85] -2.82 -2.82 -2.82 -2.82
Levels: -5.02 -2.82 7.08
 [1] 0     0     0     0     0     -12.1 0     0     0     0     0     0    
[13] 0     0     0     0     0     0     0     0     0     0     0     0    
[25] 0     0     0     0     0     2.2   0     0     0     0     0     0    
[37] 0     0     0     0     0     0     0     0     0     0     0     0    
[49] 0     0     0     0     0     0     0     0     0     0     0     0    
[61] 0     0     0     0     0     0     0     0     0     0     0     0    
[73] 0     0     0     0     0     0     0     0     0     0     0     0    
[85] 0     0     0    
Levels: -12.1 0 2.2
