------------------------------------- 
Sparse HP 
------------------------------------- 


 Kink dates: 
---------------------------------------------------------------- 
[1] "2020-01-28" "2020-03-14"
[3] "2020-03-24" "2020-04-18"
---------------------------------------------------------------- 


 
---------------------------------------------------------------- 


 fidelity :  12.34169 
---------------------------------------------------------------- 


 
------------------------------------- 
L1 
------------------------------------- 
   ld_set  obj_val     abs_dist
90    8.9 12.34189 0.0002036356


 Kink dates: 
---------------------------------------------------------------- 
[1] "2020-01-29" "2020-02-14"
[3] "2020-02-22" "2020-03-13"
[5] "2020-03-14" "2020-03-26"
[7] "2020-03-27" "2020-04-17"
---------------------------------------------------------------- 


 
------------------------------------- 
Calculate the Growth Rate of R_0(t) 
------------------------------------- 
 [1] 15.04  15.04  15.04  15.04 
 [5] 15.04  -12.27 -12.27 -12.27
 [9] -12.27 -12.27 -12.27 -12.27
[13] -12.27 -12.27 -12.27 -12.27
[17] -12.27 -12.27 -12.27 -12.27
[21] -12.27 -12.27 -12.27 -12.27
[25] -12.27 -12.27 -12.27 -12.27
[29] -12.27 -12.27 -12.27 -12.27
[33] -12.27 -12.27 -12.27 -12.27
[37] -12.27 -12.27 -12.27 -12.27
[41] -12.27 -12.27 -12.27 -12.27
[45] -12.27 -12.27 -12.27 -12.27
[49] -12.27 -12.27 -12.27 30.23 
[53] 30.23  30.23  30.23  30.23 
[57] 30.23  30.23  30.23  30.23 
[61] 30.23  4.41   4.41   4.41  
[65] 4.41   4.41   4.41   4.41  
[69] 4.41   4.41   4.41   4.41  
[73] 4.41   4.41   4.41   4.41  
[77] 4.41   4.41   4.41   4.41  
[81] 4.41   4.41   4.41   4.41  
[85] 4.41   4.41   -22.95 -22.95
[89] -22.95 -22.95 -22.95 -22.95
[93] -22.95 -22.95
5 Levels: -22.95 ... 30.23
 [1] 0      0      0      0     
 [5] -27.31 0      0      0     
 [9] 0      0      0      0     
[13] 0      0      0      0     
[17] 0      0      0      0     
[21] 0      0      0      0     
[25] 0      0      0      0     
[29] 0      0      0      0     
[33] 0      0      0      0     
[37] 0      0      0      0     
[41] 0      0      0      0     
[45] 0      0      0      0     
[49] 0      0      42.5   0     
[53] 0      0      0      0     
[57] 0      0      0      0     
[61] -25.83 0      0      0     
[65] 0      0      0      0     
[69] 0      0      0      0     
[73] 0      0      0      0     
[77] 0      0      0      0     
[81] 0      0      0      0     
[85] 0      -27.35 0      0     
[89] 0      0      0      0     
[93] 0     
5 Levels: -27.35 ... 42.5
