------------------------------------- 
Sparse HP 
------------------------------------- 
elapsed time is 411.748000 seconds 


 Kink dates: 
---------------------------------------------------------------- 
[1] "2020-03-03" "2020-03-15" "2020-04-02" "2020-04-21"
---------------------------------------------------------------- 


 
---------------------------------------------------------------- 


 fidelity :  2.207566 
---------------------------------------------------------------- 


 
------------------------------------- 
L1 
------------------------------------- 
   ld_set  obj_val    abs_dist
31      3 2.209717 0.002150972


 Kink dates: 
---------------------------------------------------------------- 
[1] "2020-03-03" "2020-03-12" "2020-03-15" "2020-03-16" "2020-04-02"
[6] "2020-04-03" "2020-04-21"
---------------------------------------------------------------- 


 
------------------------------------- 
Calculate the Growth Rate of R_0(t) 
------------------------------------- 
 [1] -15.23 -15.23 -15.23 -15.23 -15.23 -15.23 -15.23 -15.23 -15.23 -15.23
[11] -15.23 -20.34 -20.34 -20.34 -20.34 -20.34 -20.34 -20.34 -20.34 -20.34
[21] -20.34 -20.34 -20.34 4.47   4.47   4.47   4.47   4.47   4.47   4.47  
[31] 4.47   4.47   4.47   4.47   4.47   4.47   4.47   4.47   4.47   4.47  
[41] 4.47   -7.88  -7.88  -7.88  -7.88  -7.88  -7.88  -7.88  -7.88  -7.88 
[51] -7.88  -7.88  -7.88  -7.88  -7.88  -7.88  -7.88  -7.88  -7.88  -7.88 
[61] 1.57   1.57   1.57   1.57   1.57   1.57   1.57   1.57  
Levels: -20.34 -15.23 -7.88 1.57 4.47
 [1] 0      0      0      0      0      0      0      0      0      0     
[11] -5.11  0      0      0      0      0      0      0      0      0     
[21] 0      0      24.81  0      0      0      0      0      0      0     
[31] 0      0      0      0      0      0      0      0      0      0     
[41] -12.35 0      0      0      0      0      0      0      0      0     
[51] 0      0      0      0      0      0      0      0      0      9.45  
[61] 0      0      0      0      0      0      0     
Levels: -12.35 -5.11 0 9.45 24.81
