------------------------------------- 
Sparse HP 
------------------------------------- 
elapsed time is 4111.445000 seconds 


 Kink dates: 
---------------------------------------------------------------- 
[1] "2020-03-12" "2020-03-14"
---------------------------------------------------------------- 


 
---------------------------------------------------------------- 


 fidelity :  2.845201 
---------------------------------------------------------------- 


 
------------------------------------- 
L1 
------------------------------------- 
   ld_set obj_val   abs_dist
28    2.7 2.84374 0.00146077


 Kink dates: 
---------------------------------------------------------------- 
 [1] "2020-03-11" "2020-03-20" "2020-03-28" "2020-04-03" "2020-04-22"
 [6] "2020-04-23" "2020-05-08" "2020-05-20" "2020-05-21" "2020-05-27"
---------------------------------------------------------------- 


 
------------------------------------- 
Calculate the Growth Rate of R_0(t) 
------------------------------------- 
 [1] -10.96 -10.96 -10.96 -10.96 -10.96 -10.96 31.1   31.1   -4.7   -4.7  
[11] -4.7   -4.7   -4.7   -4.7   -4.7   -4.7   -4.7   -4.7   -4.7   -4.7  
[21] -4.7   -4.7   -4.7   -4.7   -4.7   -4.7   -4.7   -4.7   -4.7   -4.7  
[31] -4.7   -4.7   -4.7   -4.7   -4.7   -4.7   -4.7   -4.7   -4.7   -4.7  
[41] -4.7   -4.7   -4.7   -4.7   -4.7   -4.7   -4.7   -4.7   -4.7   -4.7  
[51] -4.7   -4.7   -4.7   -4.7   -4.7   -4.7   -4.7   -4.7   -4.7   -4.7  
[61] -4.7   -4.7   -4.7   -4.7   -4.7   -4.7   -4.7   -4.7   -4.7   -4.7  
[71] -4.7   -4.7   -4.7   -4.7   -4.7   -4.7   -4.7   -4.7   -4.7   -4.7  
[81] -4.7   -4.7   -4.7   -4.7   -4.7   -4.7   -4.7   -4.7   -4.7   -4.7  
[91] -4.7   -4.7   -4.7   -4.7  
Levels: -10.96 -4.7 31.1
 [1] 0     0     0     0     0     42.06 0     -35.8 0     0     0     0    
[13] 0     0     0     0     0     0     0     0     0     0     0     0    
[25] 0     0     0     0     0     0     0     0     0     0     0     0    
[37] 0     0     0     0     0     0     0     0     0     0     0     0    
[49] 0     0     0     0     0     0     0     0     0     0     0     0    
[61] 0     0     0     0     0     0     0     0     0     0     0     0    
[73] 0     0     0     0     0     0     0     0     0     0     0     0    
[85] 0     0     0     0     0     0     0     0     0    
Levels: -35.8 0 42.06
