------------------------------------- 
Sparse HP 
------------------------------------- 


 Kink dates: 
---------------------------------------------------------------- 
[1] "2020-03-16" "2020-03-20"
[3] "2020-04-14" "2020-05-13"
---------------------------------------------------------------- 


 
---------------------------------------------------------------- 


 fidelity :  0.7923907 
---------------------------------------------------------------- 


 
------------------------------------- 
L1 
------------------------------------- 
   ld_set   obj_val    abs_dist
10    0.9 0.7954553 0.003064653


 Kink dates: 
---------------------------------------------------------------- 
 [1] "2020-03-07" "2020-03-15"
 [3] "2020-03-16" "2020-03-20"
 [5] "2020-03-21" "2020-03-30"
 [7] "2020-04-14" "2020-04-21"
 [9] "2020-05-12" "2020-05-27"
---------------------------------------------------------------- 


 
------------------------------------- 
HP 
------------------------------------- 
   ld_set   obj_val   abs_dist
31     30 0.7908283 0.00156236
------------------------------------- 
SQRT L1 
------------------------------------- 
  ld_set   obj_val    abs_dist
6    0.5 0.7922497 0.000140931


 Kink dates: 
---------------------------------------------------------------- 
 [1] "2020-03-07" "2020-03-15"
 [3] "2020-03-16" "2020-03-20"
 [5] "2020-03-21" "2020-03-30"
 [7] "2020-04-14" "2020-04-21"
 [9] "2020-05-12" "2020-05-27"
---------------------------------------------------------------- 


 
------------------------------------- 
Calculate the Growth Rate of R_0(t) 
------------------------------------- 
 [1] 0.09  0.09  0.09  -1.23
 [5] -1.23 -1.23 -1.23 -1.23
 [9] -1.23 -1.23 -1.23 2.39 
[13] 3.72  3.72  3.72  3.72 
[17] -0.42 -7.94 -7.94 -7.94
[21] -7.94 -7.94 -7.94 -7.94
[25] -7.94 -7.94 -7.41 -7.41
[29] -7.41 -7.41 -7.41 -7.41
[33] -7.41 -7.41 -7.41 -7.41
[37] -7.41 -7.41 -7.41 -7.41
[41] -7.41 -3.78 -3.78 -3.78
[45] -3.78 -3.78 -3.78 -3.78
[49] -3.3  -3.3  -3.3  -3.3 
[53] -3.3  -3.3  -3.3  -3.3 
[57] -3.3  -3.3  -3.3  -3.3 
[61] -3.3  -3.3  -3.3  -3.3 
[65] -3.3  -3.3  -3.3  -3.3 
[69] -3.3  -1.56 -1.56 -1.56
[73] -1.56 -1.56 -1.56 -1.56
[77] -1.56 -1.56 -1.56 -1.56
[81] -1.56 -1.56 -1.56 -1.56
[85] -0.32 -0.32 -0.32 -0.32
[89] -0.32 -0.32 -0.32 -0.32
[93] -0.32 -0.32 -0.32 -0.32
11 Levels: -7.94 ... 3.72
 [1] 0     0     -1.33 0    
 [5] 0     0     0     0    
 [9] 0     0     3.62  1.34 
[13] 0     0     0     -4.14
[17] -7.52 0     0     0    
[21] 0     0     0     0    
[25] 0     0.54  0     0    
[29] 0     0     0     0    
[33] 0     0     0     0    
[37] 0     0     0     0    
[41] 3.63  0     0     0    
[45] 0     0     0     0.48 
[49] 0     0     0     0    
[53] 0     0     0     0    
[57] 0     0     0     0    
[61] 0     0     0     0    
[65] 0     0     0     0    
[69] 1.74  0     0     0    
[73] 0     0     0     0    
[77] 0     0     0     0    
[81] 0     0     0     1.24 
[85] 0     0     0     0    
[89] 0     0     0     0    
[93] 0     0     0    
11 Levels: -7.52 ... 3.63
